<?xml version="1.0" encoding="UTF-8"?><testrun name="CustomerProfileControllerTest" project="food" tests="6" started="6" failures="2" errors="0" ignored="0">
  <testsuite name="com.food.delivery.controller.CustomerProfileControllerTest" time="1.798" displayname="CustomerProfileControllerTest" uniqueid="[engine:junit-jupiter]/[class:com.food.delivery.controller.CustomerProfileControllerTest]">
    <testcase name="testGetCustomerProfiles_UserNotFound" classname="com.food.delivery.controller.CustomerProfileControllerTest" time="1.542" displayname="testGetCustomerProfiles_UserNotFound()" uniqueid="[engine:junit-jupiter]/[class:com.food.delivery.controller.CustomerProfileControllerTest]/[method:testGetCustomerProfiles_UserNotFound()]"/>
    <testcase name="testUpdateCustomerProfile_Success" classname="com.food.delivery.controller.CustomerProfileControllerTest" time="0.093" displayname="testUpdateCustomerProfile_Success()" uniqueid="[engine:junit-jupiter]/[class:com.food.delivery.controller.CustomerProfileControllerTest]/[method:testUpdateCustomerProfile_Success()]"/>
    <testcase name="testUpdateCustomerProfile_Failure" classname="com.food.delivery.controller.CustomerProfileControllerTest" time="0.024" displayname="testUpdateCustomerProfile_Failure()" uniqueid="[engine:junit-jupiter]/[class:com.food.delivery.controller.CustomerProfileControllerTest]/[method:testUpdateCustomerProfile_Failure()]"/>
    <testcase name="testGetRestaurantList_Success" classname="com.food.delivery.controller.CustomerProfileControllerTest" time="0.059" displayname="testGetRestaurantList_Success()" uniqueid="[engine:junit-jupiter]/[class:com.food.delivery.controller.CustomerProfileControllerTest]/[method:testGetRestaurantList_Success()]">
      <failure>java.lang.AssertionError: No value at JSON path "$[1].restaurantName"&#13;
	at org.springframework.test.util.JsonPathExpectationsHelper.evaluateJsonPath(JsonPathExpectationsHelper.java:302)&#13;
	at org.springframework.test.util.JsonPathExpectationsHelper.assertValue(JsonPathExpectationsHelper.java:99)&#13;
	at org.springframework.test.web.servlet.result.JsonPathResultMatchers.lambda$value$2(JsonPathResultMatchers.java:111)&#13;
	at org.springframework.test.web.servlet.MockMvc$1.andExpect(MockMvc.java:214)&#13;
	at com.food.delivery.controller.CustomerProfileControllerTest.testGetRestaurantList_Success(CustomerProfileControllerTest.java:135)&#13;
	at java.base/java.lang.reflect.Method.invoke(Method.java:568)&#13;
	at java.base/java.util.ArrayList.forEach(ArrayList.java:1511)&#13;
	at java.base/java.util.ArrayList.forEach(ArrayList.java:1511)&#13;
Caused by: com.jayway.jsonpath.PathNotFoundException: No results for path: $[1]['restaurantName']&#13;
	at com.jayway.jsonpath.internal.path.EvaluationContextImpl.getValue(EvaluationContextImpl.java:133)&#13;
	at com.jayway.jsonpath.JsonPath.read(JsonPath.java:185)&#13;
	at com.jayway.jsonpath.JsonPath.read(JsonPath.java:386)&#13;
	at com.jayway.jsonpath.JsonPath.read(JsonPath.java:370)&#13;
	at org.springframework.test.util.JsonPathExpectationsHelper.evaluateJsonPath(JsonPathExpectationsHelper.java:299)&#13;
	... 7 more&#13;
&#13;
</failure>
    </testcase>
    <testcase name="testGetRestaurantList_Failure" classname="com.food.delivery.controller.CustomerProfileControllerTest" time="0.029" displayname="testGetRestaurantList_Failure()" uniqueid="[engine:junit-jupiter]/[class:com.food.delivery.controller.CustomerProfileControllerTest]/[method:testGetRestaurantList_Failure()]"/>
    <testcase name="testGetCustomerProfiles_Success" classname="com.food.delivery.controller.CustomerProfileControllerTest" time="0.027" displayname="testGetCustomerProfiles_Success()" uniqueid="[engine:junit-jupiter]/[class:com.food.delivery.controller.CustomerProfileControllerTest]/[method:testGetCustomerProfiles_Success()]">
      <failure>java.lang.AssertionError: No value at JSON path "$.firstName"&#13;
	at org.springframework.test.util.JsonPathExpectationsHelper.evaluateJsonPath(JsonPathExpectationsHelper.java:302)&#13;
	at org.springframework.test.util.JsonPathExpectationsHelper.assertValue(JsonPathExpectationsHelper.java:99)&#13;
	at org.springframework.test.web.servlet.result.JsonPathResultMatchers.lambda$value$2(JsonPathResultMatchers.java:111)&#13;
	at org.springframework.test.web.servlet.MockMvc$1.andExpect(MockMvc.java:214)&#13;
	at com.food.delivery.controller.CustomerProfileControllerTest.testGetCustomerProfiles_Success(CustomerProfileControllerTest.java:75)&#13;
	at java.base/java.lang.reflect.Method.invoke(Method.java:568)&#13;
	at java.base/java.util.ArrayList.forEach(ArrayList.java:1511)&#13;
	at java.base/java.util.ArrayList.forEach(ArrayList.java:1511)&#13;
Caused by: com.jayway.jsonpath.PathNotFoundException: No results for path: $['firstName']&#13;
	at com.jayway.jsonpath.internal.path.EvaluationContextImpl.getValue(EvaluationContextImpl.java:133)&#13;
	at com.jayway.jsonpath.JsonPath.read(JsonPath.java:185)&#13;
	at com.jayway.jsonpath.JsonPath.read(JsonPath.java:386)&#13;
	at com.jayway.jsonpath.JsonPath.read(JsonPath.java:370)&#13;
	at org.springframework.test.util.JsonPathExpectationsHelper.evaluateJsonPath(JsonPathExpectationsHelper.java:299)&#13;
	... 7 more&#13;
&#13;
</failure>
    </testcase>
  </testsuite>
</testrun>
